<?xml version="1.0" encoding="UTF-8"?>
<testsuite name="dbk.qacourse.addressbook.tests.GroupDeletionTests" tests="1" skipped="0" failures="0" errors="0" timestamp="2018-05-03T23:05:41" hostname="DESKTOP-GECJGH0" time="1.768">
  <properties/>
  <testcase name="testGroupDeletion" classname="dbk.qacourse.addressbook.tests.GroupDeletionTests" time="1.768"/>
  <system-out><![CDATA[number of groups before test: 23
number of groups at the end: 22
]]></system-out>
  <system-err><![CDATA[]]></system-err>
</testsuite>
