<?xml version="1.0" encoding="UTF-8"?>
<testsuite name="dbk.qacourse.addressbook.tests.GroupModificationTests" tests="1" skipped="0" failures="0" errors="0" timestamp="2018-05-17T21:38:43" hostname="DESKTOP-GECJGH0" time="1.673">
  <properties/>
  <testcase name="testGroupModification" classname="dbk.qacourse.addressbook.tests.GroupModificationTests" time="1.673"/>
  <system-out><![CDATA[23:38:43.081 [Test worker] INFO  d.q.addressbook.tests.TestBase - Start test testGroupModification with parameters []
Hibernate: select groupdata0_.group_id as group_id1_1_, groupdata0_.group_footer as group_fo2_1_, groupdata0_.group_header as group_he3_1_, groupdata0_.group_name as group_na4_1_ from group_list groupdata0_
Hibernate: select groupdata0_.group_id as group_id1_1_, groupdata0_.group_footer as group_fo2_1_, groupdata0_.group_header as group_he3_1_, groupdata0_.group_name as group_na4_1_ from group_list groupdata0_
number of groups before test: 42
Hibernate: select groupdata0_.group_id as group_id1_1_, groupdata0_.group_footer as group_fo2_1_, groupdata0_.group_header as group_he3_1_, groupdata0_.group_name as group_na4_1_ from group_list groupdata0_
number of groups after test: 42
]]></system-out>
  <system-err><![CDATA[]]></system-err>
</testsuite>
