<?xml version="1.0" encoding="UTF-8"?>
<testsuite name="dbk.qacourse.addressbook.tests.ContactAddressTests" tests="1" skipped="0" failures="0" errors="0" timestamp="2018-05-03T23:16:09" hostname="DESKTOP-GECJGH0" time="0.61">
  <properties/>
  <testcase name="testContactAddress" classname="dbk.qacourse.addressbook.tests.ContactAddressTests" time="0.61"/>
  <system-out><![CDATA[]]></system-out>
  <system-err><![CDATA[]]></system-err>
</testsuite>
