<?xml version="1.0" encoding="UTF-8"?>
<testsuite name="dbk.qacourse.addressbook.tests.ContactDetailsTests" tests="1" skipped="0" failures="0" errors="0" timestamp="2018-05-03T23:16:10" hostname="DESKTOP-GECJGH0" time="0.841">
  <properties/>
  <testcase name="testContactDetails" classname="dbk.qacourse.addressbook.tests.ContactDetailsTests" time="0.841"/>
  <system-out><![CDATA[]]></system-out>
  <system-err><![CDATA[]]></system-err>
</testsuite>
