<?xml version="1.0" encoding="UTF-8"?>
<testsuite name="dbk.qacourse.addressbook.tests.ContactModifOnEditTests" tests="1" skipped="0" failures="0" errors="0" timestamp="2018-05-03T23:16:12" hostname="DESKTOP-GECJGH0" time="3.766">
  <properties/>
  <testcase name="testContactModifOnEdit" classname="dbk.qacourse.addressbook.tests.ContactModifOnEditTests" time="3.766"/>
  <system-out><![CDATA[before test: 14
after test: 14
]]></system-out>
  <system-err><![CDATA[]]></system-err>
</testsuite>
