<?xml version="1.0" encoding="UTF-8"?>
<testsuite name="dbk.qacourse.addressbook.tests.ContactCreationTests" tests="4" skipped="0" failures="0" errors="0" timestamp="2018-05-17T21:19:55" hostname="DESKTOP-GECJGH0" time="16.284">
  <properties/>
  <testcase name="testContactCreation[0](ContactData{id=2147483647, firstname='Jan', lastname='Pierwszy', address='null', homePhone='100000000', mobilePhone='500500500', workPhone='300000000', allPhones='null', email='Pierwszy_0@wp.pl', email2='Pierwszy_1@wp.pl', email3='Pierwszy_2@wp.pl', allEmails='null', address2='null'})" classname="dbk.qacourse.addressbook.tests.ContactCreationTests" time="5.405"/>
  <testcase name="testContactCreation[1](ContactData{id=2147483647, firstname='Adam', lastname='Drugi', address='null', homePhone='100222222', mobilePhone='500600700', workPhone='300222222', allPhones='null', email='Drugi_0@wp.pl', email2='Drugi_1@wp.pl', email3='Drugi_2@wp.pl', allEmails='null', address2='null'})" classname="dbk.qacourse.addressbook.tests.ContactCreationTests" time="3.809"/>
  <testcase name="testContactCreation[2](ContactData{id=2147483647, firstname='Piotr', lastname='Trzeci', address='null', homePhone='100333333', mobilePhone='500700800', workPhone='300333333', allPhones='null', email='Trzeci_0@wp.pl', email2='Trzeci_1@wp.pl', email3='Trzeci_2@wp.pl', allEmails='null', address2='null'})" classname="dbk.qacourse.addressbook.tests.ContactCreationTests" time="3.545"/>
  <testcase name="testContactCreation[3](ContactData{id=2147483647, firstname='Witold', lastname='Czwarty', address='null', homePhone='100444444', mobilePhone='500800900', workPhone='400333333', allPhones='null', email='Czwarty_0@wp.pl', email2='Czwarty_1@wp.pl', email3='Czwarty_2@wp.pl', allEmails='null', address2='null'})" classname="dbk.qacourse.addressbook.tests.ContactCreationTests" time="3.517"/>
  <system-out><![CDATA[23:19:55.744 [Test worker] INFO  d.q.addressbook.tests.TestBase - Start test testContactCreation with parameters [ContactData{id=2147483647, firstname='Jan', lastname='Pierwszy', address='null', homePhone='100000000', mobilePhone='500500500', workPhone='300000000', allPhones='null', email='Pierwszy_0@wp.pl', email2='Pierwszy_1@wp.pl', email3='Pierwszy_2@wp.pl', allEmails='null', address2='null'}]
23:19:55.948 [Test worker] INFO  o.h.h.i.QueryTranslatorFactoryInitiator - HHH000397: Using ASTQueryTranslatorFactory
Hibernate: select contactdat0_.id as id1_0_, contactdat0_.address as address2_0_, contactdat0_.address2 as address3_0_, contactdat0_.email as email4_0_, contactdat0_.email2 as email5_0_, contactdat0_.email3 as email6_0_, contactdat0_.firstname as firstnam7_0_, contactdat0_.home as home8_0_, contactdat0_.lastname as lastname9_0_, contactdat0_.mobile as mobile10_0_, contactdat0_.nickname as nicknam11_0_, contactdat0_.photo as photo12_0_, contactdat0_.work as work13_0_ from addressbook contactdat0_ where deprecated='0000-00-00'
Hibernate: select contactdat0_.id as id1_0_, contactdat0_.address as address2_0_, contactdat0_.address2 as address3_0_, contactdat0_.email as email4_0_, contactdat0_.email2 as email5_0_, contactdat0_.email3 as email6_0_, contactdat0_.firstname as firstnam7_0_, contactdat0_.home as home8_0_, contactdat0_.lastname as lastname9_0_, contactdat0_.mobile as mobile10_0_, contactdat0_.nickname as nicknam11_0_, contactdat0_.photo as photo12_0_, contactdat0_.work as work13_0_ from addressbook contactdat0_ where deprecated='0000-00-00'
Hibernate: select contactdat0_.id as id1_0_, contactdat0_.address as address2_0_, contactdat0_.address2 as address3_0_, contactdat0_.email as email4_0_, contactdat0_.email2 as email5_0_, contactdat0_.email3 as email6_0_, contactdat0_.firstname as firstnam7_0_, contactdat0_.home as home8_0_, contactdat0_.lastname as lastname9_0_, contactdat0_.mobile as mobile10_0_, contactdat0_.nickname as nicknam11_0_, contactdat0_.photo as photo12_0_, contactdat0_.work as work13_0_ from addressbook contactdat0_ where deprecated='0000-00-00'
Hibernate: select contactdat0_.id as id1_0_, contactdat0_.address as address2_0_, contactdat0_.address2 as address3_0_, contactdat0_.email as email4_0_, contactdat0_.email2 as email5_0_, contactdat0_.email3 as email6_0_, contactdat0_.firstname as firstnam7_0_, contactdat0_.home as home8_0_, contactdat0_.lastname as lastname9_0_, contactdat0_.mobile as mobile10_0_, contactdat0_.nickname as nicknam11_0_, contactdat0_.photo as photo12_0_, contactdat0_.work as work13_0_ from addressbook contactdat0_ where deprecated='0000-00-00'
Hibernate: select contactdat0_.id as id1_0_, contactdat0_.address as address2_0_, contactdat0_.address2 as address3_0_, contactdat0_.email as email4_0_, contactdat0_.email2 as email5_0_, contactdat0_.email3 as email6_0_, contactdat0_.firstname as firstnam7_0_, contactdat0_.home as home8_0_, contactdat0_.lastname as lastname9_0_, contactdat0_.mobile as mobile10_0_, contactdat0_.nickname as nicknam11_0_, contactdat0_.photo as photo12_0_, contactdat0_.work as work13_0_ from addressbook contactdat0_ where deprecated='0000-00-00'
Hibernate: select contactdat0_.id as id1_0_, contactdat0_.address as address2_0_, contactdat0_.address2 as address3_0_, contactdat0_.email as email4_0_, contactdat0_.email2 as email5_0_, contactdat0_.email3 as email6_0_, contactdat0_.firstname as firstnam7_0_, contactdat0_.home as home8_0_, contactdat0_.lastname as lastname9_0_, contactdat0_.mobile as mobile10_0_, contactdat0_.nickname as nicknam11_0_, contactdat0_.photo as photo12_0_, contactdat0_.work as work13_0_ from addressbook contactdat0_ where deprecated='0000-00-00'
Hibernate: select contactdat0_.id as id1_0_, contactdat0_.address as address2_0_, contactdat0_.address2 as address3_0_, contactdat0_.email as email4_0_, contactdat0_.email2 as email5_0_, contactdat0_.email3 as email6_0_, contactdat0_.firstname as firstnam7_0_, contactdat0_.home as home8_0_, contactdat0_.lastname as lastname9_0_, contactdat0_.mobile as mobile10_0_, contactdat0_.nickname as nicknam11_0_, contactdat0_.photo as photo12_0_, contactdat0_.work as work13_0_ from addressbook contactdat0_ where deprecated='0000-00-00'
Hibernate: select contactdat0_.id as id1_0_, contactdat0_.address as address2_0_, contactdat0_.address2 as address3_0_, contactdat0_.email as email4_0_, contactdat0_.email2 as email5_0_, contactdat0_.email3 as email6_0_, contactdat0_.firstname as firstnam7_0_, contactdat0_.home as home8_0_, contactdat0_.lastname as lastname9_0_, contactdat0_.mobile as mobile10_0_, contactdat0_.nickname as nicknam11_0_, contactdat0_.photo as photo12_0_, contactdat0_.work as work13_0_ from addressbook contactdat0_ where deprecated='0000-00-00'
]]></system-out>
  <system-err><![CDATA[]]></system-err>
</testsuite>
