<?xml version="1.0" encoding="UTF-8"?>
<testsuite name="dbk.qacourse.addressbook.tests.ContactDeletionOnEditTests" tests="1" skipped="0" failures="0" errors="0" timestamp="2018-05-17T21:20:25" hostname="DESKTOP-GECJGH0" time="0.782">
  <properties/>
  <testcase name="testContactDeletionOnEdit" classname="dbk.qacourse.addressbook.tests.ContactDeletionOnEditTests" time="0.782"/>
  <system-out><![CDATA[23:20:25.886 [Test worker] INFO  d.q.addressbook.tests.TestBase - Start test testContactDeletionOnEdit with parameters []
Hibernate: select contactdat0_.id as id1_0_, contactdat0_.address as address2_0_, contactdat0_.address2 as address3_0_, contactdat0_.email as email4_0_, contactdat0_.email2 as email5_0_, contactdat0_.email3 as email6_0_, contactdat0_.firstname as firstnam7_0_, contactdat0_.home as home8_0_, contactdat0_.lastname as lastname9_0_, contactdat0_.mobile as mobile10_0_, contactdat0_.nickname as nicknam11_0_, contactdat0_.photo as photo12_0_, contactdat0_.work as work13_0_ from addressbook contactdat0_ where deprecated='0000-00-00'
Hibernate: select contactdat0_.id as id1_0_, contactdat0_.address as address2_0_, contactdat0_.address2 as address3_0_, contactdat0_.email as email4_0_, contactdat0_.email2 as email5_0_, contactdat0_.email3 as email6_0_, contactdat0_.firstname as firstnam7_0_, contactdat0_.home as home8_0_, contactdat0_.lastname as lastname9_0_, contactdat0_.mobile as mobile10_0_, contactdat0_.nickname as nicknam11_0_, contactdat0_.photo as photo12_0_, contactdat0_.work as work13_0_ from addressbook contactdat0_ where deprecated='0000-00-00'
Hibernate: select contactdat0_.id as id1_0_, contactdat0_.address as address2_0_, contactdat0_.address2 as address3_0_, contactdat0_.email as email4_0_, contactdat0_.email2 as email5_0_, contactdat0_.email3 as email6_0_, contactdat0_.firstname as firstnam7_0_, contactdat0_.home as home8_0_, contactdat0_.lastname as lastname9_0_, contactdat0_.mobile as mobile10_0_, contactdat0_.nickname as nicknam11_0_, contactdat0_.photo as photo12_0_, contactdat0_.work as work13_0_ from addressbook contactdat0_ where deprecated='0000-00-00'
]]></system-out>
  <system-err><![CDATA[]]></system-err>
</testsuite>
