<?xml version="1.0" encoding="UTF-8"?>
<testsuite name="dbk.qacourse.addressbook.tests.ContactPhoneTests" tests="1" skipped="0" failures="0" errors="0" timestamp="2018-05-03T23:16:12" hostname="DESKTOP-GECJGH0" time="0.55">
  <properties/>
  <testcase name="testContactPhones" classname="dbk.qacourse.addressbook.tests.ContactPhoneTests" time="0.55"/>
  <system-out><![CDATA[]]></system-out>
  <system-err><![CDATA[]]></system-err>
</testsuite>
