<?xml version="1.0" encoding="UTF-8"?>
<testsuite name="dbk.qacourse.addressbook.tests.ContactCreationTests" tests="4" skipped="0" failures="0" errors="0" timestamp="2018-05-03T22:38:25" hostname="DESKTOP-GECJGH0" time="14.605">
  <properties/>
  <testcase name="testContactCreation[0](ContactData{id=2147483647, firstname='Jan', lastname='Pierwszy', address='null', homePhone='null', mobilePhone='500500500', workPhone='null', allPhones='null', email='Pierwszy@wp.pl', email2='null', email3='null', allEmails='null', address2='null'})" classname="dbk.qacourse.addressbook.tests.ContactCreationTests" time="3.601"/>
  <testcase name="testContactCreation[1](ContactData{id=2147483647, firstname='Adam', lastname='Drugi', address='null', homePhone='null', mobilePhone='500600700', workPhone='null', allPhones='null', email='Drugi@wp.pl', email2='null', email3='null', allEmails='null', address2='null'})" classname="dbk.qacourse.addressbook.tests.ContactCreationTests" time="3.503"/>
  <testcase name="testContactCreation[2](ContactData{id=2147483647, firstname='Piotr', lastname='Trzeci', address='null', homePhone='null', mobilePhone='500700800', workPhone='null', allPhones='null', email='Trzeci@wp.pl', email2='null', email3='null', allEmails='null', address2='null'})" classname="dbk.qacourse.addressbook.tests.ContactCreationTests" time="3.585"/>
  <testcase name="testContactCreation[3](ContactData{id=2147483647, firstname='Witold', lastname='Czwarty', address='null', homePhone='null', mobilePhone='500800900', workPhone='null', allPhones='null', email='Czwarty@wp.pl', email2='null', email3='null', allEmails='null', address2='null'})" classname="dbk.qacourse.addressbook.tests.ContactCreationTests" time="3.914"/>
  <system-out><![CDATA[]]></system-out>
  <system-err><![CDATA[]]></system-err>
</testsuite>
