<?xml version="1.0" encoding="UTF-8"?>
<testsuite name="dbk.qacourse.addressbook.tests.ContactPhoneTests" tests="1" skipped="0" failures="0" errors="0" timestamp="2018-04-29T23:35:47" hostname="DESKTOP-GECJGH0" time="0.693">
  <properties/>
  <testcase name="testContactPhones" classname="dbk.qacourse.addressbook.tests.ContactPhoneTests" time="0.693"/>
  <system-out><![CDATA[]]></system-out>
  <system-err><![CDATA[]]></system-err>
</testsuite>
