<?xml version="1.0" encoding="UTF-8"?>
<testsuite name="dbk.qacourse.addressbook.tests.ContactModifOnEditTests" tests="1" skipped="0" failures="1" errors="0" timestamp="2018-05-02T23:21:32" hostname="DESKTOP-GECJGH0" time="6.673">
  <properties/>
  <testcase name="testContactModifOnEdit" classname="dbk.qacourse.addressbook.tests.ContactModifOnEditTests" time="6.673">
    <failure message="java.lang.AssertionError: &#10;Expected: &lt;[ContactData{id=178, firstname='Witold', lastname='Czwarty', nick='null', address='', homePhone='null', mobilePhone='null', workPhone='null', allPhones='500800900', email='null', email2='null', email3='null', allEmails='Czwarty@wp.pl', group='null', address2='null'}, ContactData{id=97, firstname='Paula', lastname='Kot', nick='null', address='Późna 1/2, 10-120 Płock', homePhone='null', mobilePhone='null', workPhone='null', allPhones='800200300', email='null', email2='null', email3='null', allEmails='paja@wp.pl', group='null', address2='null'}, ContactData{id=137, firstname='Kornelia', lastname='Nowak', nick='null', address='Zmoczona 1, 10-100 Gdynia', homePhone='null', mobilePhone='null', workPhone='null', allPhones='500555000', email='null', email2='null', email3='null', allEmails='selen@wp.pl', group='null', address2='null'}, ContactData{id=176, firstname='Adam', lastname='Drugi', nick='null', address='', homePhone='null', mobilePhone='null', workPhone='null', allPhones='500600700', email='null', email2='null', email3='null', allEmails='Drugi@wp.pl', group='null', address2='null'}, ContactData{id=170, firstname='Witold', lastname='Czwarty', nick='null', address='', homePhone='null', mobilePhone='null', workPhone='null', allPhones='500800900', email='null', email2='null', email3='null', allEmails='Czwarty@wp.pl', group='null', address2='null'}, ContactData{id=171, firstname='Jan', lastname='Pierwszy', nick='null', address='', homePhone='null', mobilePhone='null', workPhone='null', allPhones='500500500', email='null', email2='null', email3='null', allEmails='Pierwszy@wp.pl', group='null', address2='null'}, ContactData{id=166, firstname='Adam', lastname='Drugi', nick='null', address='', homePhone='null', mobilePhone='null', workPhone='null', allPhones='500600700', email='null', email2='null', email3='null', allEmails='Drugi@wp.pl', group='null', address2='null'}, ContactData{id=172, firstname='Adam', lastname='Drugi', nick='null', address='', homePhone='null', mobilePhone='null', workPhone='null', allPhones='500600700', email='null', email2='null', email3='null', allEmails='Drugi@wp.pl', group='null', address2='null'}, ContactData{id=173, firstname='Piotr', lastname='Trzeci', nick='null', address='', homePhone='null', mobilePhone='null', workPhone='null', allPhones='500700800', email='null', email2='null', email3='null', allEmails='Trzeci@wp.pl', group='null', address2='null'}, ContactData{id=174, firstname='Witold', lastname='Czwarty', nick='null', address='', homePhone='null', mobilePhone='null', workPhone='null', allPhones='500800900', email='null', email2='null', email3='null', allEmails='Czwarty@wp.pl', group='null', address2='null'}, ContactData{id=169, firstname='Paula', lastname='Kot', nick='null', address='Polna 1/2, 10-120 Opole', homePhone='null', mobilePhone='null', workPhone='null', allPhones='800200300', email='null', email2='null', email3='null', allEmails='paja@wp.pl', group='null', address2='null'}, ContactData{id=146, firstname='Paula', lastname='Kot', nick='null', address='Polna 1/2, 10-120 Opole', homePhone='null', mobilePhone='800200300', workPhone='null', allPhones='null', email='paja@wp.pl', email2='null', email3='null', allEmails='null', group='null', address2='null'}, ContactData{id=142, firstname='Paula', lastname='Kot', nick='null', address='Polna 1/2, 10-120 Opole', homePhone='null', mobilePhone='null', workPhone='null', allPhones='800200300', email='null', email2='null', email3='null', allEmails='paja@wp.pl', group='null', address2='null'}, ContactData{id=177, firstname='Piotr', lastname='Trzeci', nick='null', address='', homePhone='null', mobilePhone='null', workPhone='null', allPhones='500700800', email='null', email2='null', email3='null', allEmails='Trzeci@wp.pl', group='null', address2='null'}, ContactData{id=175, firstname='Jan', lastname='Pierwszy', nick='null', address='', homePhone='null', mobilePhone='null', workPhone='null', allPhones='500500500', email='null', email2='null', email3='null', allEmails='Pierwszy@wp.pl', group='null', address2='null'}, ContactData{id=95, firstname='Jan', lastname='Polski', nick='null', address='Nowa 4, 10-100 Puck', homePhone='null', mobilePhone='null', workPhone='null', allPhones='700600500', email='null', email2='null', email3='null', allEmails='polak@wp.pl', group='null', address2='null'}, ContactData{id=167, firstname='Jan', lastname='Pierwszy', nick='null', address='', homePhone='null', mobilePhone='null', workPhone='null', allPhones='500500500', email='null', email2='null', email3='null', allEmails='Pierwszy@wp.pl', group='null', address2='null'}]&gt;&#10;     but: was &lt;[ContactData{id=178, firstname='Witold', lastname='Czwarty', nick='null', address='', homePhone='null', mobilePhone='null', workPhone='null', allPhones='500800900', email='null', email2='null', email3='null', allEmails='Czwarty@wp.pl', group='null', address2='null'}, ContactData{id=97, firstname='Paula', lastname='Kot', nick='null', address='Późna 1/2, 10-120 Płock', homePhone='null', mobilePhone='null', workPhone='null', allPhones='800200300', email='null', email2='null', email3='null', allEmails='paja@wp.pl', group='null', address2='null'}, ContactData{id=137, firstname='Kornelia', lastname='Nowak', nick='null', address='Zmoczona 1, 10-100 Gdynia', homePhone='null', mobilePhone='null', workPhone='null', allPhones='500555000', email='null', email2='null', email3='null', allEmails='selen@wp.pl', group='null', address2='null'}, ContactData{id=176, firstname='Adam', lastname='Drugi', nick='null', address='', homePhone='null', mobilePhone='null', workPhone='null', allPhones='500600700', email='null', email2='null', email3='null', allEmails='Drugi@wp.pl', group='null', address2='null'}, ContactData{id=170, firstname='Witold', lastname='Czwarty', nick='null', address='', homePhone='null', mobilePhone='null', workPhone='null', allPhones='500800900', email='null', email2='null', email3='null', allEmails='Czwarty@wp.pl', group='null', address2='null'}, ContactData{id=171, firstname='Jan', lastname='Pierwszy', nick='null', address='', homePhone='null', mobilePhone='null', workPhone='null', allPhones='500500500', email='null', email2='null', email3='null', allEmails='Pierwszy@wp.pl', group='null', address2='null'}, ContactData{id=166, firstname='Adam', lastname='Drugi', nick='null', address='', homePhone='null', mobilePhone='null', workPhone='null', allPhones='500600700', email='null', email2='null', email3='null', allEmails='Drugi@wp.pl', group='null', address2='null'}, ContactData{id=172, firstname='Adam', lastname='Drugi', nick='null', address='', homePhone='null', mobilePhone='null', workPhone='null', allPhones='500600700', email='null', email2='null', email3='null', allEmails='Drugi@wp.pl', group='null', address2='null'}, ContactData{id=173, firstname='Piotr', lastname='Trzeci', nick='null', address='', homePhone='null', mobilePhone='null', workPhone='null', allPhones='500700800', email='null', email2='null', email3='null', allEmails='Trzeci@wp.pl', group='null', address2='null'}, ContactData{id=174, firstname='Witold', lastname='Czwarty', nick='null', address='', homePhone='null', mobilePhone='null', workPhone='null', allPhones='500800900', email='null', email2='null', email3='null', allEmails='Czwarty@wp.pl', group='null', address2='null'}, ContactData{id=146, firstname='Paula', lastname='Kot', nick='null', address='Polna 1/2, 10-120 Opole', homePhone='null', mobilePhone='null', workPhone='null', allPhones='800200300', email='null', email2='null', email3='null', allEmails='paja@wp.pl', group='null', address2='null'}, ContactData{id=169, firstname='Paula', lastname='Kot', nick='null', address='Polna 1/2, 10-120 Opole', homePhone='null', mobilePhone='null', workPhone='null', allPhones='800200300', email='null', email2='null', email3='null', allEmails='paja@wp.pl', group='null', address2='null'}, ContactData{id=142, firstname='Paula', lastname='Kot', nick='null', address='Polna 1/2, 10-120 Opole', homePhone='null', mobilePhone='null', workPhone='null', allPhones='800200300', email='null', email2='null', email3='null', allEmails='paja@wp.pl', group='null', address2='null'}, ContactData{id=177, firstname='Piotr', lastname='Trzeci', nick='null', address='', homePhone='null', mobilePhone='null', workPhone='null', allPhones='500700800', email='null', email2='null', email3='null', allEmails='Trzeci@wp.pl', group='null', address2='null'}, ContactData{id=175, firstname='Jan', lastname='Pierwszy', nick='null', address='', homePhone='null', mobilePhone='null', workPhone='null', allPhones='500500500', email='null', email2='null', email3='null', allEmails='Pierwszy@wp.pl', group='null', address2='null'}, ContactData{id=95, firstname='Jan', lastname='Polski', nick='null', address='Nowa 4, 10-100 Puck', homePhone='null', mobilePhone='null', workPhone='null', allPhones='700600500', email='null', email2='null', email3='null', allEmails='polak@wp.pl', group='null', address2='null'}, ContactData{id=167, firstname='Jan', lastname='Pierwszy', nick='null', address='', homePhone='null', mobilePhone='null', workPhone='null', allPhones='500500500', email='null', email2='null', email3='null', allEmails='Pierwszy@wp.pl', group='null', address2='null'}]&gt;" type="java.lang.AssertionError">java.lang.AssertionError: 
Expected: &lt;[ContactData{id=178, firstname='Witold', lastname='Czwarty', nick='null', address='', homePhone='null', mobilePhone='null', workPhone='null', allPhones='500800900', email='null', email2='null', email3='null', allEmails='Czwarty@wp.pl', group='null', address2='null'}, ContactData{id=97, firstname='Paula', lastname='Kot', nick='null', address='Późna 1/2, 10-120 Płock', homePhone='null', mobilePhone='null', workPhone='null', allPhones='800200300', email='null', email2='null', email3='null', allEmails='paja@wp.pl', group='null', address2='null'}, ContactData{id=137, firstname='Kornelia', lastname='Nowak', nick='null', address='Zmoczona 1, 10-100 Gdynia', homePhone='null', mobilePhone='null', workPhone='null', allPhones='500555000', email='null', email2='null', email3='null', allEmails='selen@wp.pl', group='null', address2='null'}, ContactData{id=176, firstname='Adam', lastname='Drugi', nick='null', address='', homePhone='null', mobilePhone='null', workPhone='null', allPhones='500600700', email='null', email2='null', email3='null', allEmails='Drugi@wp.pl', group='null', address2='null'}, ContactData{id=170, firstname='Witold', lastname='Czwarty', nick='null', address='', homePhone='null', mobilePhone='null', workPhone='null', allPhones='500800900', email='null', email2='null', email3='null', allEmails='Czwarty@wp.pl', group='null', address2='null'}, ContactData{id=171, firstname='Jan', lastname='Pierwszy', nick='null', address='', homePhone='null', mobilePhone='null', workPhone='null', allPhones='500500500', email='null', email2='null', email3='null', allEmails='Pierwszy@wp.pl', group='null', address2='null'}, ContactData{id=166, firstname='Adam', lastname='Drugi', nick='null', address='', homePhone='null', mobilePhone='null', workPhone='null', allPhones='500600700', email='null', email2='null', email3='null', allEmails='Drugi@wp.pl', group='null', address2='null'}, ContactData{id=172, firstname='Adam', lastname='Drugi', nick='null', address='', homePhone='null', mobilePhone='null', workPhone='null', allPhones='500600700', email='null', email2='null', email3='null', allEmails='Drugi@wp.pl', group='null', address2='null'}, ContactData{id=173, firstname='Piotr', lastname='Trzeci', nick='null', address='', homePhone='null', mobilePhone='null', workPhone='null', allPhones='500700800', email='null', email2='null', email3='null', allEmails='Trzeci@wp.pl', group='null', address2='null'}, ContactData{id=174, firstname='Witold', lastname='Czwarty', nick='null', address='', homePhone='null', mobilePhone='null', workPhone='null', allPhones='500800900', email='null', email2='null', email3='null', allEmails='Czwarty@wp.pl', group='null', address2='null'}, ContactData{id=169, firstname='Paula', lastname='Kot', nick='null', address='Polna 1/2, 10-120 Opole', homePhone='null', mobilePhone='null', workPhone='null', allPhones='800200300', email='null', email2='null', email3='null', allEmails='paja@wp.pl', group='null', address2='null'}, ContactData{id=146, firstname='Paula', lastname='Kot', nick='null', address='Polna 1/2, 10-120 Opole', homePhone='null', mobilePhone='800200300', workPhone='null', allPhones='null', email='paja@wp.pl', email2='null', email3='null', allEmails='null', group='null', address2='null'}, ContactData{id=142, firstname='Paula', lastname='Kot', nick='null', address='Polna 1/2, 10-120 Opole', homePhone='null', mobilePhone='null', workPhone='null', allPhones='800200300', email='null', email2='null', email3='null', allEmails='paja@wp.pl', group='null', address2='null'}, ContactData{id=177, firstname='Piotr', lastname='Trzeci', nick='null', address='', homePhone='null', mobilePhone='null', workPhone='null', allPhones='500700800', email='null', email2='null', email3='null', allEmails='Trzeci@wp.pl', group='null', address2='null'}, ContactData{id=175, firstname='Jan', lastname='Pierwszy', nick='null', address='', homePhone='null', mobilePhone='null', workPhone='null', allPhones='500500500', email='null', email2='null', email3='null', allEmails='Pierwszy@wp.pl', group='null', address2='null'}, ContactData{id=95, firstname='Jan', lastname='Polski', nick='null', address='Nowa 4, 10-100 Puck', homePhone='null', mobilePhone='null', workPhone='null', allPhones='700600500', email='null', email2='null', email3='null', allEmails='polak@wp.pl', group='null', address2='null'}, ContactData{id=167, firstname='Jan', lastname='Pierwszy', nick='null', address='', homePhone='null', mobilePhone='null', workPhone='null', allPhones='500500500', email='null', email2='null', email3='null', allEmails='Pierwszy@wp.pl', group='null', address2='null'}]&gt;
     but: was &lt;[ContactData{id=178, firstname='Witold', lastname='Czwarty', nick='null', address='', homePhone='null', mobilePhone='null', workPhone='null', allPhones='500800900', email='null', email2='null', email3='null', allEmails='Czwarty@wp.pl', group='null', address2='null'}, ContactData{id=97, firstname='Paula', lastname='Kot', nick='null', address='Późna 1/2, 10-120 Płock', homePhone='null', mobilePhone='null', workPhone='null', allPhones='800200300', email='null', email2='null', email3='null', allEmails='paja@wp.pl', group='null', address2='null'}, ContactData{id=137, firstname='Kornelia', lastname='Nowak', nick='null', address='Zmoczona 1, 10-100 Gdynia', homePhone='null', mobilePhone='null', workPhone='null', allPhones='500555000', email='null', email2='null', email3='null', allEmails='selen@wp.pl', group='null', address2='null'}, ContactData{id=176, firstname='Adam', lastname='Drugi', nick='null', address='', homePhone='null', mobilePhone='null', workPhone='null', allPhones='500600700', email='null', email2='null', email3='null', allEmails='Drugi@wp.pl', group='null', address2='null'}, ContactData{id=170, firstname='Witold', lastname='Czwarty', nick='null', address='', homePhone='null', mobilePhone='null', workPhone='null', allPhones='500800900', email='null', email2='null', email3='null', allEmails='Czwarty@wp.pl', group='null', address2='null'}, ContactData{id=171, firstname='Jan', lastname='Pierwszy', nick='null', address='', homePhone='null', mobilePhone='null', workPhone='null', allPhones='500500500', email='null', email2='null', email3='null', allEmails='Pierwszy@wp.pl', group='null', address2='null'}, ContactData{id=166, firstname='Adam', lastname='Drugi', nick='null', address='', homePhone='null', mobilePhone='null', workPhone='null', allPhones='500600700', email='null', email2='null', email3='null', allEmails='Drugi@wp.pl', group='null', address2='null'}, ContactData{id=172, firstname='Adam', lastname='Drugi', nick='null', address='', homePhone='null', mobilePhone='null', workPhone='null', allPhones='500600700', email='null', email2='null', email3='null', allEmails='Drugi@wp.pl', group='null', address2='null'}, ContactData{id=173, firstname='Piotr', lastname='Trzeci', nick='null', address='', homePhone='null', mobilePhone='null', workPhone='null', allPhones='500700800', email='null', email2='null', email3='null', allEmails='Trzeci@wp.pl', group='null', address2='null'}, ContactData{id=174, firstname='Witold', lastname='Czwarty', nick='null', address='', homePhone='null', mobilePhone='null', workPhone='null', allPhones='500800900', email='null', email2='null', email3='null', allEmails='Czwarty@wp.pl', group='null', address2='null'}, ContactData{id=146, firstname='Paula', lastname='Kot', nick='null', address='Polna 1/2, 10-120 Opole', homePhone='null', mobilePhone='null', workPhone='null', allPhones='800200300', email='null', email2='null', email3='null', allEmails='paja@wp.pl', group='null', address2='null'}, ContactData{id=169, firstname='Paula', lastname='Kot', nick='null', address='Polna 1/2, 10-120 Opole', homePhone='null', mobilePhone='null', workPhone='null', allPhones='800200300', email='null', email2='null', email3='null', allEmails='paja@wp.pl', group='null', address2='null'}, ContactData{id=142, firstname='Paula', lastname='Kot', nick='null', address='Polna 1/2, 10-120 Opole', homePhone='null', mobilePhone='null', workPhone='null', allPhones='800200300', email='null', email2='null', email3='null', allEmails='paja@wp.pl', group='null', address2='null'}, ContactData{id=177, firstname='Piotr', lastname='Trzeci', nick='null', address='', homePhone='null', mobilePhone='null', workPhone='null', allPhones='500700800', email='null', email2='null', email3='null', allEmails='Trzeci@wp.pl', group='null', address2='null'}, ContactData{id=175, firstname='Jan', lastname='Pierwszy', nick='null', address='', homePhone='null', mobilePhone='null', workPhone='null', allPhones='500500500', email='null', email2='null', email3='null', allEmails='Pierwszy@wp.pl', group='null', address2='null'}, ContactData{id=95, firstname='Jan', lastname='Polski', nick='null', address='Nowa 4, 10-100 Puck', homePhone='null', mobilePhone='null', workPhone='null', allPhones='700600500', email='null', email2='null', email3='null', allEmails='polak@wp.pl', group='null', address2='null'}, ContactData{id=167, firstname='Jan', lastname='Pierwszy', nick='null', address='', homePhone='null', mobilePhone='null', workPhone='null', allPhones='500500500', email='null', email2='null', email3='null', allEmails='Pierwszy@wp.pl', group='null', address2='null'}]&gt;
	at org.hamcrest.MatcherAssert.assertThat(MatcherAssert.java:18)
	at org.hamcrest.MatcherAssert.assertThat(MatcherAssert.java:6)
	at dbk.qacourse.addressbook.tests.ContactModifOnEditTests.testContactModifOnEdit(ContactModifOnEditTests.java:36)
	at sun.reflect.NativeMethodAccessorImpl.invoke0(Native Method)
	at sun.reflect.NativeMethodAccessorImpl.invoke(NativeMethodAccessorImpl.java:62)
	at sun.reflect.DelegatingMethodAccessorImpl.invoke(DelegatingMethodAccessorImpl.java:43)
	at java.lang.reflect.Method.invoke(Method.java:498)
	at org.testng.internal.MethodInvocationHelper.invokeMethod(MethodInvocationHelper.java:124)
	at org.testng.internal.Invoker.invokeMethod(Invoker.java:580)
	at org.testng.internal.Invoker.invokeTestMethod(Invoker.java:716)
	at org.testng.internal.Invoker.invokeTestMethods(Invoker.java:988)
	at org.testng.internal.TestMethodWorker.invokeTestMethods(TestMethodWorker.java:125)
	at org.testng.internal.TestMethodWorker.run(TestMethodWorker.java:109)
	at org.testng.TestRunner.privateRun(TestRunner.java:648)
	at org.testng.TestRunner.run(TestRunner.java:505)
	at org.testng.SuiteRunner.runTest(SuiteRunner.java:455)
	at org.testng.SuiteRunner.runSequentially(SuiteRunner.java:450)
	at org.testng.SuiteRunner.privateRun(SuiteRunner.java:415)
	at org.testng.SuiteRunner.run(SuiteRunner.java:364)
	at org.testng.SuiteRunnerWorker.runSuite(SuiteRunnerWorker.java:52)
	at org.testng.SuiteRunnerWorker.run(SuiteRunnerWorker.java:84)
	at org.testng.TestNG.runSuitesSequentially(TestNG.java:1208)
	at org.testng.TestNG.runSuitesLocally(TestNG.java:1137)
	at org.testng.TestNG.runSuites(TestNG.java:1049)
	at org.testng.TestNG.run(TestNG.java:1017)
	at org.gradle.api.internal.tasks.testing.testng.TestNGTestClassProcessor.runTests(TestNGTestClassProcessor.java:129)
	at org.gradle.api.internal.tasks.testing.testng.TestNGTestClassProcessor.stop(TestNGTestClassProcessor.java:88)
	at org.gradle.api.internal.tasks.testing.SuiteTestClassProcessor.stop(SuiteTestClassProcessor.java:61)
	at sun.reflect.NativeMethodAccessorImpl.invoke0(Native Method)
	at sun.reflect.NativeMethodAccessorImpl.invoke(NativeMethodAccessorImpl.java:62)
	at sun.reflect.DelegatingMethodAccessorImpl.invoke(DelegatingMethodAccessorImpl.java:43)
	at java.lang.reflect.Method.invoke(Method.java:498)
	at org.gradle.internal.dispatch.ReflectionDispatch.dispatch(ReflectionDispatch.java:35)
	at org.gradle.internal.dispatch.ReflectionDispatch.dispatch(ReflectionDispatch.java:24)
	at org.gradle.internal.dispatch.ContextClassLoaderDispatch.dispatch(ContextClassLoaderDispatch.java:32)
	at org.gradle.internal.dispatch.ProxyDispatchAdapter$DispatchingInvocationHandler.invoke(ProxyDispatchAdapter.java:93)
	at com.sun.proxy.$Proxy1.stop(Unknown Source)
	at org.gradle.api.internal.tasks.testing.worker.TestWorker.stop(TestWorker.java:119)
	at sun.reflect.NativeMethodAccessorImpl.invoke0(Native Method)
	at sun.reflect.NativeMethodAccessorImpl.invoke(NativeMethodAccessorImpl.java:62)
	at sun.reflect.DelegatingMethodAccessorImpl.invoke(DelegatingMethodAccessorImpl.java:43)
	at java.lang.reflect.Method.invoke(Method.java:498)
	at org.gradle.internal.dispatch.ReflectionDispatch.dispatch(ReflectionDispatch.java:35)
	at org.gradle.internal.dispatch.ReflectionDispatch.dispatch(ReflectionDispatch.java:24)
	at org.gradle.internal.remote.internal.hub.MessageHubBackedObjectConnection$DispatchWrapper.dispatch(MessageHubBackedObjectConnection.java:146)
	at org.gradle.internal.remote.internal.hub.MessageHubBackedObjectConnection$DispatchWrapper.dispatch(MessageHubBackedObjectConnection.java:128)
	at org.gradle.internal.remote.internal.hub.MessageHub$Handler.run(MessageHub.java:404)
	at org.gradle.internal.concurrent.ExecutorPolicy$CatchAndRecordFailures.onExecute(ExecutorPolicy.java:63)
	at org.gradle.internal.concurrent.ManagedExecutorImpl$1.run(ManagedExecutorImpl.java:46)
	at java.util.concurrent.ThreadPoolExecutor.runWorker(ThreadPoolExecutor.java:1149)
	at java.util.concurrent.ThreadPoolExecutor$Worker.run(ThreadPoolExecutor.java:624)
	at org.gradle.internal.concurrent.ThreadFactoryImpl$ManagedThreadRunnable.run(ThreadFactoryImpl.java:55)
	at java.lang.Thread.run(Thread.java:748)
</failure>
  </testcase>
  <system-out><![CDATA[before test: 17
after test: 17
]]></system-out>
  <system-err><![CDATA[]]></system-err>
</testsuite>
