<?xml version="1.0" encoding="UTF-8"?>
<testsuite name="dbk.qacourse.addressbook.tests.ContactDeletionOnHomeAbortTests" tests="1" skipped="0" failures="0" errors="0" timestamp="2018-05-03T22:38:54" hostname="DESKTOP-GECJGH0" time="0.317">
  <properties/>
  <testcase name="testContactDeletionOnHomeAbort" classname="dbk.qacourse.addressbook.tests.ContactDeletionOnHomeAbortTests" time="0.317"/>
  <system-out><![CDATA[before test: 10
after test: 10
]]></system-out>
  <system-err><![CDATA[]]></system-err>
</testsuite>
