<?xml version="1.0" encoding="UTF-8"?>
<testsuite name="dbk.qacourse.addressbook.tests.ContactModifOnDetailsTests" tests="1" skipped="0" failures="0" errors="0" timestamp="2018-05-03T22:38:49" hostname="DESKTOP-GECJGH0" time="4.918">
  <properties/>
  <testcase name="testContactModifOnDetails" classname="dbk.qacourse.addressbook.tests.ContactModifOnDetailsTests" time="4.918"/>
  <system-out><![CDATA[before test: 10
after test: 10
]]></system-out>
  <system-err><![CDATA[]]></system-err>
</testsuite>
