<?xml version="1.0" encoding="UTF-8"?>
<testsuite name="dbk.qacourse.addressbook.tests.ContactEmailTests" tests="1" skipped="0" failures="0" errors="0" timestamp="2018-04-29T23:35:46" hostname="DESKTOP-GECJGH0" time="0.648">
  <properties/>
  <testcase name="testContactEmails" classname="dbk.qacourse.addressbook.tests.ContactEmailTests" time="0.648"/>
  <system-out><![CDATA[]]></system-out>
  <system-err><![CDATA[]]></system-err>
</testsuite>
