<?xml version="1.0" encoding="UTF-8"?>
<testsuite name="dbk.qacourse.addressbook.tests.ContactDeletionOnEditTests" tests="1" skipped="0" failures="0" errors="0" timestamp="2018-05-03T22:38:54" hostname="DESKTOP-GECJGH0" time="2.919">
  <properties/>
  <testcase name="testContactDeletionOnEdit" classname="dbk.qacourse.addressbook.tests.ContactDeletionOnEditTests" time="2.919"/>
  <system-out><![CDATA[before test: 10
after test: 9
]]></system-out>
  <system-err><![CDATA[]]></system-err>
</testsuite>
