<?xml version="1.0" encoding="UTF-8"?>
<testsuite name="dbk.qacourse.addressbook.tests.ContactAddressTests" tests="1" skipped="0" failures="0" errors="0" timestamp="2018-04-29T23:35:44" hostname="DESKTOP-GECJGH0" time="0.653">
  <properties/>
  <testcase name="testContactAddress" classname="dbk.qacourse.addressbook.tests.ContactAddressTests" time="0.653"/>
  <system-out><![CDATA[]]></system-out>
  <system-err><![CDATA[]]></system-err>
</testsuite>
