<?xml version="1.0" encoding="UTF-8"?>
<testsuite name="dbk.qacourse.addressbook.tests.ContactDeletionOnEditTests" tests="1" skipped="0" failures="0" errors="0" timestamp="2018-04-29T23:35:48" hostname="DESKTOP-GECJGH0" time="3.96">
  <properties/>
  <testcase name="testContactDeletionOnEdit" classname="dbk.qacourse.addressbook.tests.ContactDeletionOnEditTests" time="3.96"/>
  <system-out><![CDATA[before test: 17
after test: 16
]]></system-out>
  <system-err><![CDATA[]]></system-err>
</testsuite>
